<?xml version="1.0" encoding="UTF-8"?>
<!-- Generated by org.testng.reporters.JUnitReportReporter -->
<testsuite hostname="LAPTOP-UC8VD6T3" failures="0" tests="1" name="TestCases.TC001_LoginTest" time="4.364" errors="0" timestamp="2025-07-10T16:59:38 IST" skipped="0">
  <testcase classname="TestCases.TC001_LoginTest" name="verify_LoginTest" time="4.364"/>
</testsuite> <!-- TestCases.TC001_LoginTest -->
